mode: set
profcourse/business/moduls/usecase.go:12.89,13.24 1 0
profcourse/business/moduls/usecase.go:16.2,16.23 1 0
profcourse/business/moduls/usecase.go:19.2,19.27 1 0
profcourse/business/moduls/usecase.go:25.2,27.16 2 0
profcourse/business/moduls/usecase.go:31.2,31.19 1 0
profcourse/business/moduls/usecase.go:13.24,15.3 1 0
profcourse/business/moduls/usecase.go:16.23,18.3 1 0
profcourse/business/moduls/usecase.go:19.27,21.3 1 0
profcourse/business/moduls/usecase.go:27.16,29.3 1 0
profcourse/business/moduls/usecase.go:34.53,36.2 1 0
profcourse/business/courses/usecase.go:17.92,20.16 2 1
profcourse/business/courses/usecase.go:23.2,24.20 2 1
profcourse/business/courses/usecase.go:20.16,22.3 1 1
profcourse/business/courses/usecase.go:27.95,29.25 1 1
profcourse/business/courses/usecase.go:33.2,33.28 1 1
profcourse/business/courses/usecase.go:37.2,37.23 1 1
profcourse/business/courses/usecase.go:42.2,43.59 2 1
profcourse/business/courses/usecase.go:48.2,49.55 2 1
profcourse/business/courses/usecase.go:53.2,54.16 2 1
profcourse/business/courses/usecase.go:58.2,58.30 1 1
profcourse/business/courses/usecase.go:29.25,31.3 1 1
profcourse/business/courses/usecase.go:33.28,35.3 1 1
profcourse/business/courses/usecase.go:37.23,39.3 1 1
profcourse/business/courses/usecase.go:43.59,45.3 1 1
profcourse/business/courses/usecase.go:49.55,51.3 1 1
profcourse/business/courses/usecase.go:54.16,56.3 1 1
profcourse/business/courses/usecase.go:61.92,63.24 1 1
profcourse/business/courses/usecase.go:67.2,67.30 1 1
profcourse/business/courses/usecase.go:71.2,71.29 1 1
profcourse/business/courses/usecase.go:75.2,76.16 2 1
profcourse/business/courses/usecase.go:80.2,83.16 3 1
profcourse/business/courses/usecase.go:86.2,86.20 1 1
profcourse/business/courses/usecase.go:63.24,65.3 1 1
profcourse/business/courses/usecase.go:67.30,69.3 1 1
profcourse/business/courses/usecase.go:71.29,73.3 1 1
profcourse/business/courses/usecase.go:76.16,78.3 1 1
profcourse/business/courses/usecase.go:83.16,85.3 1 1
profcourse/business/courses/usecase.go:89.94,95.2 1 1
profcourse/business/users_courses/usecase.go:12.103,14.25 1 1
profcourse/business/users_courses/usecase.go:17.2,17.27 1 1
profcourse/business/users_courses/usecase.go:22.2,24.16 2 1
profcourse/business/users_courses/usecase.go:28.2,28.38 1 1
profcourse/business/users_courses/usecase.go:32.2,34.16 2 1
profcourse/business/users_courses/usecase.go:38.2,38.30 1 1
profcourse/business/users_courses/usecase.go:14.25,16.3 1 1
profcourse/business/users_courses/usecase.go:17.27,19.3 1 1
profcourse/business/users_courses/usecase.go:24.16,26.3 1 1
profcourse/business/users_courses/usecase.go:28.38,30.3 1 1
profcourse/business/users_courses/usecase.go:34.16,36.3 1 1
profcourse/business/users_courses/usecase.go:41.51,43.2 1 1
profcourse/business/users/usecase.go:21.85,25.24 3 1
profcourse/business/users/usecase.go:28.2,28.27 1 1
profcourse/business/users/usecase.go:32.2,32.42 1 1
profcourse/business/users/usecase.go:36.2,39.31 2 1
profcourse/business/users/usecase.go:44.2,44.27 1 1
profcourse/business/users/usecase.go:48.2,48.16 1 1
profcourse/business/users/usecase.go:53.2,53.70 1 1
profcourse/business/users/usecase.go:57.2,59.16 2 1
profcourse/business/users/usecase.go:63.2,63.25 1 1
profcourse/business/users/usecase.go:25.24,27.3 1 1
profcourse/business/users/usecase.go:28.27,30.3 1 1
profcourse/business/users/usecase.go:32.42,34.3 1 1
profcourse/business/users/usecase.go:39.31,41.3 1 1
profcourse/business/users/usecase.go:44.27,46.3 1 1
profcourse/business/users/usecase.go:48.16,50.3 1 0
profcourse/business/users/usecase.go:53.70,55.3 1 1
profcourse/business/users/usecase.go:59.16,61.3 1 0
profcourse/business/users/usecase.go:66.89,67.21 1 1
profcourse/business/users/usecase.go:71.2,73.24 2 1
profcourse/business/users/usecase.go:77.2,77.16 1 1
profcourse/business/users/usecase.go:81.2,81.63 1 1
profcourse/business/users/usecase.go:86.2,87.16 2 1
profcourse/business/users/usecase.go:90.2,92.16 2 1
profcourse/business/users/usecase.go:95.2,95.18 1 1
profcourse/business/users/usecase.go:67.21,69.3 1 1
profcourse/business/users/usecase.go:73.24,75.3 1 1
profcourse/business/users/usecase.go:77.16,79.3 1 1
profcourse/business/users/usecase.go:81.63,83.3 1 1
profcourse/business/users/usecase.go:87.16,89.3 1 0
profcourse/business/users/usecase.go:92.16,94.3 1 1
profcourse/business/users/usecase.go:98.89,99.21 1 1
profcourse/business/users/usecase.go:102.2,103.16 2 1
profcourse/business/users/usecase.go:106.2,106.18 1 1
profcourse/business/users/usecase.go:99.21,101.3 1 1
profcourse/business/users/usecase.go:103.16,105.3 1 1
profcourse/business/users/usecase.go:109.89,112.24 3 1
profcourse/business/users/usecase.go:116.2,116.42 1 1
profcourse/business/users/usecase.go:121.2,123.31 2 1
profcourse/business/users/usecase.go:127.2,127.16 1 1
profcourse/business/users/usecase.go:132.2,135.16 3 1
profcourse/business/users/usecase.go:139.2,140.16 2 1
profcourse/business/users/usecase.go:145.2,157.16 5 1
profcourse/business/users/usecase.go:161.2,161.24 1 1
profcourse/business/users/usecase.go:112.24,114.3 1 1
profcourse/business/users/usecase.go:116.42,118.3 1 1
profcourse/business/users/usecase.go:123.31,125.3 1 1
profcourse/business/users/usecase.go:127.16,129.3 1 1
profcourse/business/users/usecase.go:135.16,137.3 1 0
profcourse/business/users/usecase.go:140.16,142.3 1 1
profcourse/business/users/usecase.go:157.16,159.3 1 1
profcourse/business/users/usecase.go:164.80,168.24 3 1
profcourse/business/users/usecase.go:171.2,171.27 1 1
profcourse/business/users/usecase.go:175.2,175.42 1 1
profcourse/business/users/usecase.go:179.2,182.31 2 1
profcourse/business/users/usecase.go:186.2,186.16 1 1
profcourse/business/users/usecase.go:191.2,191.70 1 1
profcourse/business/users/usecase.go:195.2,197.16 2 1
profcourse/business/users/usecase.go:201.2,201.25 1 1
profcourse/business/users/usecase.go:168.24,170.3 1 1
profcourse/business/users/usecase.go:171.27,173.3 1 1
profcourse/business/users/usecase.go:175.42,177.3 1 1
profcourse/business/users/usecase.go:182.31,184.3 1 1
profcourse/business/users/usecase.go:186.16,188.3 1 0
profcourse/business/users/usecase.go:191.70,193.3 1 1
profcourse/business/users/usecase.go:197.16,199.3 1 0
profcourse/business/users/usecase.go:204.85,208.23 3 1
profcourse/business/users/usecase.go:212.2,212.24 1 1
profcourse/business/users/usecase.go:217.2,217.42 1 1
profcourse/business/users/usecase.go:222.2,224.31 2 1
profcourse/business/users/usecase.go:229.2,232.16 3 1
profcourse/business/users/usecase.go:236.2,245.16 7 1
profcourse/business/users/usecase.go:250.2,252.16 3 1
profcourse/business/users/usecase.go:256.2,256.26 1 1
profcourse/business/users/usecase.go:208.23,210.3 1 1
profcourse/business/users/usecase.go:212.24,214.3 1 1
profcourse/business/users/usecase.go:217.42,219.3 1 1
profcourse/business/users/usecase.go:224.31,226.3 1 1
profcourse/business/users/usecase.go:232.16,234.3 1 0
profcourse/business/users/usecase.go:245.16,247.3 1 0
profcourse/business/users/usecase.go:252.16,254.3 1 0
profcourse/business/users/usecase.go:259.131,266.2 1 1
