mode: set
profcourse/business/users/usecase.go:21.89,22.21 1 1
profcourse/business/users/usecase.go:26.2,28.24 2 1
profcourse/business/users/usecase.go:32.2,32.16 1 1
profcourse/business/users/usecase.go:36.2,36.63 1 1
profcourse/business/users/usecase.go:41.2,42.16 2 1
profcourse/business/users/usecase.go:45.2,47.16 2 1
profcourse/business/users/usecase.go:50.2,50.18 1 1
profcourse/business/users/usecase.go:22.21,24.3 1 1
profcourse/business/users/usecase.go:28.24,30.3 1 1
profcourse/business/users/usecase.go:32.16,34.3 1 1
profcourse/business/users/usecase.go:36.63,38.3 1 1
profcourse/business/users/usecase.go:42.16,44.3 1 0
profcourse/business/users/usecase.go:47.16,49.3 1 1
profcourse/business/users/usecase.go:53.89,54.21 1 1
profcourse/business/users/usecase.go:57.2,58.16 2 1
profcourse/business/users/usecase.go:61.2,61.18 1 1
profcourse/business/users/usecase.go:54.21,56.3 1 1
profcourse/business/users/usecase.go:58.16,60.3 1 1
profcourse/business/users/usecase.go:64.89,67.24 3 1
profcourse/business/users/usecase.go:71.2,71.42 1 1
profcourse/business/users/usecase.go:76.2,78.31 2 1
profcourse/business/users/usecase.go:82.2,82.16 1 1
profcourse/business/users/usecase.go:87.2,90.16 3 1
profcourse/business/users/usecase.go:94.2,95.16 2 1
profcourse/business/users/usecase.go:100.2,105.16 5 1
profcourse/business/users/usecase.go:109.2,109.24 1 1
profcourse/business/users/usecase.go:67.24,69.3 1 1
profcourse/business/users/usecase.go:71.42,73.3 1 1
profcourse/business/users/usecase.go:78.31,80.3 1 1
profcourse/business/users/usecase.go:82.16,84.3 1 1
profcourse/business/users/usecase.go:90.16,92.3 1 0
profcourse/business/users/usecase.go:95.16,97.3 1 1
profcourse/business/users/usecase.go:105.16,107.3 1 1
profcourse/business/users/usecase.go:112.80,116.24 3 1
profcourse/business/users/usecase.go:119.2,119.27 1 1
profcourse/business/users/usecase.go:123.2,123.42 1 1
profcourse/business/users/usecase.go:127.2,130.31 2 1
profcourse/business/users/usecase.go:134.2,134.16 1 1
profcourse/business/users/usecase.go:139.2,139.70 1 1
profcourse/business/users/usecase.go:143.2,145.16 2 1
profcourse/business/users/usecase.go:149.2,149.25 1 1
profcourse/business/users/usecase.go:116.24,118.3 1 1
profcourse/business/users/usecase.go:119.27,121.3 1 1
profcourse/business/users/usecase.go:123.42,125.3 1 1
profcourse/business/users/usecase.go:130.31,132.3 1 1
profcourse/business/users/usecase.go:134.16,136.3 1 0
profcourse/business/users/usecase.go:139.70,141.3 1 1
profcourse/business/users/usecase.go:145.16,147.3 1 0
profcourse/business/users/usecase.go:152.85,156.23 3 1
profcourse/business/users/usecase.go:160.2,160.24 1 1
profcourse/business/users/usecase.go:165.2,165.42 1 1
profcourse/business/users/usecase.go:170.2,172.31 2 1
profcourse/business/users/usecase.go:177.2,180.16 3 1
profcourse/business/users/usecase.go:184.2,193.16 7 1
profcourse/business/users/usecase.go:198.2,200.16 3 1
profcourse/business/users/usecase.go:204.2,204.26 1 1
profcourse/business/users/usecase.go:156.23,158.3 1 1
profcourse/business/users/usecase.go:160.24,162.3 1 1
profcourse/business/users/usecase.go:165.42,167.3 1 1
profcourse/business/users/usecase.go:172.31,174.3 1 1
profcourse/business/users/usecase.go:180.16,182.3 1 0
profcourse/business/users/usecase.go:193.16,195.3 1 0
profcourse/business/users/usecase.go:200.16,202.3 1 0
profcourse/business/users/usecase.go:207.130,214.2 1 1
